<?xml version="1.0" encoding="UTF-8"?>
<!-- Generated by org.testng.reporters.JUnitXMLReporter -->
<testsuite ignored="0" hostname="DESKTOP-P8SN7SA" failures="1" tests="2" name="Test" time="11.588" errors="0" timestamp="2024-05-06T12:30:08 IST">
  <testcase classname="TestCaseFile.TestCase" name="openUrl" time="3.342">
    <failure type="java.lang.IllegalArgumentException" message="Keys to send should be a not null CharSequence">
      <![CDATA[java.lang.IllegalArgumentException: Keys to send should be a not null CharSequence
at org.openqa.selenium.remote.RemoteWebElement.sendKeys(RemoteWebElement.java:96)
at org.openqa.selenium.support.pagefactory.internal.LocatingElementHandler.invoke(LocatingElementHandler.java:51)
at jdk.proxy2/jdk.proxy2.$Proxy28.sendKeys(Unknown Source)
at PageObjectFile.LoginClass.username1(LoginClass.java:21)
at TestCaseFile.TestCase.openUrl(TestCase.java:20)
at java.base/java.util.ArrayList.forEach(ArrayList.java:1511)
... Removed 31 stack frames]]>
    </failure>
  </testcase> <!-- openUrl -->
  <testcase classname="TestCaseFile.TestCase" name="openUrl" time="2.156"/>
</testsuite> <!-- Test -->
